<?xml version="1.0" encoding="UTF-8"?>
<testsuite name="Test1" tests="2" skipped="0" failures="0" errors="0" timestamp="2022-10-31T14:32:26" hostname="DESKTOP-GB5CGRT" time="0.045">
  <properties/>
  <testcase name="testCircleArea()" classname="Test1" time="0.038"/>
  <testcase name="testRectangleArea()" classname="Test1" time="0.005"/>
  <system-out><![CDATA[]]></system-out>
  <system-err><![CDATA[]]></system-err>
</testsuite>
